     1                                 %line 1+1 quiz.asm
     2                                 [section .data]
     3 00000000 50C3                    num1 dw 50000
     4 00000002 3075                    num2 dw 30000
     5 00000004 60EA                    num3 dw 60000
     6 00000006 00000000                sum dd 0
     7 0000000A 0000000000000000        product dq 0
     8                                 
     9                                 
    10                                 [section .text]
    11                                 [global _start]
    12                                 _start:
    13 00000000 66BA0000                mov dx, 0
    14 00000004 668B0425[00000000]      mov ax, word[num1]
    15 0000000C 66030425[00000000]      add ax, word[num2]
    16 00000014 6683D200                adc dx, 0
    17 00000018 66890425[00000000]      mov word[sum], ax
    18 00000020 66891425[02000000]      mov word[sum+2], dx
    19                                 
    20 00000028 8B0425[00000000]        mov eax, dword[num3]
    21 0000002F 8B1425[02000000]        mov edx, dword[num3+2]
    22 00000036 F72425[00000000]        mul dword[sum]
    23 0000003D 890425[00000000]        mov dword[product], eax
    24 00000044 891425[04000000]        mov dword[product+4], edx
    25                                 
    26 0000004B 48C7C23C000000          mov rdx, 60
    27 00000052 48C7C700000000          mov rdi, 0
    28 00000059 0F05                    syscall
    29                                 
